In file included from ../ext/bson.cc:35:
../ext/bson.h:55:25: error: no template named 'Handle'
        static void Initialize(Handle<Object> target);
                               ^
../ext/bson.h:56:9: error: no template named 'Handle'
        static Handle<Value> BSONDeserializeStream(const Arguments &args);
               ^
../ext/bson.h:56:51: error: unknown type name 'Arguments'; did you mean 'v8::internal::Arguments'?
        static Handle<Value> BSONDeserializeStream(const Arguments &args);
                                                         ^~~~~~~~~
                                                         v8::internal::Arguments
/Users/michael/Library/Caches/node-gyp/12.16.3/include/node/v8.h:119:7: note: 'v8::internal::Arguments' declared here
class Arguments;
      ^
In file included from ../ext/bson.cc:35:
../ext/bson.h:59:9: error: no template named 'Handle'
        static Handle<Value> BSONSerialize(const Arguments &args);
               ^
../ext/bson.h:59:43: error: unknown type name 'Arguments'; did you mean 'v8::internal::Arguments'?
        static Handle<Value> BSONSerialize(const Arguments &args);
                                                 ^~~~~~~~~
                                                 v8::internal::Arguments
/Users/michael/Library/Caches/node-gyp/12.16.3/include/node/v8.h:119:7: note: 'v8::internal::Arguments' declared here
class Arguments;
      ^
In file included from ../ext/bson.cc:35:
../ext/bson.h:60:9: error: no template named 'Handle'
        static Handle<Value> BSONDeserialize(const Arguments &args);
               ^
../ext/bson.h:60:45: error: unknown type name 'Arguments'; did you mean 'v8::internal::Arguments'?
        static Handle<Value> BSONDeserialize(const Arguments &args);
                                                   ^~~~~~~~~
                                                   v8::internal::Arguments
/Users/michael/Library/Caches/node-gyp/12.16.3/include/node/v8.h:119:7: note: 'v8::internal::Arguments' declared here
class Arguments;
      ^
In file included from ../ext/bson.cc:35:
../ext/bson.h:63:9: error: no template named 'Handle'
        static Handle<Value> CalculateObjectSize(const Arguments &args);
               ^
../ext/bson.h:63:49: error: unknown type name 'Arguments'; did you mean 'v8::internal::Arguments'?
        static Handle<Value> CalculateObjectSize(const Arguments &args);
                                                       ^~~~~~~~~
                                                       v8::internal::Arguments
/Users/michael/Library/Caches/node-gyp/12.16.3/include/node/v8.h:119:7: note: 'v8::internal::Arguments' declared here
class Arguments;
      ^
In file included from ../ext/bson.cc:35:
../ext/bson.h:64:9: error: no template named 'Handle'
        static Handle<Value> SerializeWithBufferAndIndex(const Arguments &args);
               ^
../ext/bson.h:64:57: error: unknown type name 'Arguments'; did you mean 'v8::internal::Arguments'?
        static Handle<Value> SerializeWithBufferAndIndex(const Arguments &args);
                                                               ^~~~~~~~~
                                                               v8::internal::Arguments
/Users/michael/Library/Caches/node-gyp/12.16.3/include/node/v8.h:119:7: note: 'v8::internal::Arguments' declared here
class Arguments;
      ^
In file included from ../ext/bson.cc:35:
../ext/bson.h:70:9: error: no template named 'Handle'
        static Handle<Value> New(const Arguments &args);
               ^
../ext/bson.h:70:33: error: unknown type name 'Arguments'; did you mean 'v8::internal::Arguments'?
        static Handle<Value> New(const Arguments &args);
                                       ^~~~~~~~~
                                       v8::internal::Arguments
/Users/michael/Library/Caches/node-gyp/12.16.3/include/node/v8.h:119:7: note: 'v8::internal::Arguments' declared here
class Arguments;
      ^
In file included from ../ext/bson.cc:35:
../ext/bson.h:71:9: error: no template named 'Handle'
        static Handle<Value> deserialize(BSON *bson, char *data, uint32_t dataLength, uint32_t startIndex, bool is_array_item);
               ^
../ext/bson.h:119:41: error: no template named 'Handle'
        Local<Object> GetSerializeObject(const Handle<Value>& object);
                                               ^
../ext/bson.h:133:23: error: no template named 'Handle'
        void    WriteByte(const Handle<Object>&, const Handle<String>&) { ++count; }
                                ^
../ext/bson.h:133:46: error: no template named 'Handle'
        void    WriteByte(const Handle<Object>&, const Handle<String>&) { ++count; }
                                                       ^
../ext/bson.h:134:23: error: no template named 'Handle'
        void    WriteBool(const Handle<Value>& value)                                   { ++count; }
                                ^
../ext/bson.h:136:24: error: no template named 'Handle'
        void    WriteInt32(const Handle<Value>& value)                                  { count += 4; }
                                 ^
fatal error: too many errors emitted, stopping now [-ferror-limit=]
20 errors generated.
make: *** [Release/obj.target/bson/ext/bson.o] Error 1
gyp ERR! build error 
gyp ERR! stack Error: `make` failed with exit code: 2
gyp ERR! stack     at ChildProcess.onExit (/usr/local/lib/node_modules/npm/node_modules/node-gyp/lib/build.js:194:23)
gyp ERR! stack     at ChildProcess.emit (events.js:310:20)
gyp ERR! stack     at Process.ChildProcess._handle.onexit (internal/child_process.js:275:12)
gyp ERR! System Darwin 17.7.0
gyp ERR! command "/usr/local/bin/node" "/usr/local/lib/node_modules/npm/node_modules/node-gyp/bin/node-gyp.js" "rebuild"
gyp ERR! cwd /Users/michael/Desktop/REST-practice/node_modules/bson
gyp ERR! node -v v12.16.3
gyp ERR! node-gyp -v v5.1.0
gyp ERR! not ok 
